Determining if the pthread_create exist failed with the following output:
Change Dir: /home/nuc/Desktop/rokae_robot/rokae/build/CMakeFiles/CMakeTmp

Run Build Command:"/usr/bin/make" "cmTC_ed4ce/fast"
/usr/bin/make -f CMakeFiles/cmTC_ed4ce.dir/build.make CMakeFiles/cmTC_ed4ce.dir/build
make[1]: Entering directory '/home/nuc/Desktop/rokae_robot/rokae/build/CMakeFiles/CMakeTmp'
Building C object CMakeFiles/cmTC_ed4ce.dir/CheckSymbolExists.c.o
/usr/bin/cc    -o CMakeFiles/cmTC_ed4ce.dir/CheckSymbolExists.c.o   -c /home/nuc/Desktop/rokae_robot/rokae/build/CMakeFiles/CMakeTmp/CheckSymbolExists.c
Linking C executable cmTC_ed4ce
/usr/bin/cmake -E cmake_link_script CMakeFiles/cmTC_ed4ce.dir/link.txt --verbose=1
/usr/bin/cc      -rdynamic CMakeFiles/cmTC_ed4ce.dir/CheckSymbolExists.c.o  -o cmTC_ed4ce 
CMakeFiles/cmTC_ed4ce.dir/CheckSymbolExists.c.o: In function `main':
CheckSymbolExists.c:(.text+0x1b): undefined reference to `pthread_create'
collect2: error: ld returned 1 exit status
CMakeFiles/cmTC_ed4ce.dir/build.make:97: recipe for target 'cmTC_ed4ce' failed
make[1]: *** [cmTC_ed4ce] Error 1
make[1]: Leaving directory '/home/nuc/Desktop/rokae_robot/rokae/build/CMakeFiles/CMakeTmp'
Makefile:126: recipe for target 'cmTC_ed4ce/fast' failed
make: *** [cmTC_ed4ce/fast] Error 2

File /home/nuc/Desktop/rokae_robot/rokae/build/CMakeFiles/CMakeTmp/CheckSymbolExists.c:
/* */
#include <pthread.h>

int main(int argc, char** argv)
{
  (void)argv;
#ifndef pthread_create
  return ((int*)(&pthread_create))[argc];
#else
  (void)argc;
  return 0;
#endif
}

Determining if the function pthread_create exists in the pthreads failed with the following output:
Change Dir: /home/nuc/Desktop/rokae_robot/rokae/build/CMakeFiles/CMakeTmp

Run Build Command:"/usr/bin/make" "cmTC_377fd/fast"
/usr/bin/make -f CMakeFiles/cmTC_377fd.dir/build.make CMakeFiles/cmTC_377fd.dir/build
make[1]: Entering directory '/home/nuc/Desktop/rokae_robot/rokae/build/CMakeFiles/CMakeTmp'
Building C object CMakeFiles/cmTC_377fd.dir/CheckFunctionExists.c.o
/usr/bin/cc   -DCHECK_FUNCTION_EXISTS=pthread_create   -o CMakeFiles/cmTC_377fd.dir/CheckFunctionExists.c.o   -c /usr/share/cmake-3.10/Modules/CheckFunctionExists.c
Linking C executable cmTC_377fd
/usr/bin/cmake -E cmake_link_script CMakeFiles/cmTC_377fd.dir/link.txt --verbose=1
/usr/bin/cc  -DCHECK_FUNCTION_EXISTS=pthread_create    -rdynamic CMakeFiles/cmTC_377fd.dir/CheckFunctionExists.c.o  -o cmTC_377fd -lpthreads 
/usr/bin/ld: cannot find -lpthreads
collect2: error: ld returned 1 exit status
CMakeFiles/cmTC_377fd.dir/build.make:97: recipe for target 'cmTC_377fd' failed
make[1]: *** [cmTC_377fd] Error 1
make[1]: Leaving directory '/home/nuc/Desktop/rokae_robot/rokae/build/CMakeFiles/CMakeTmp'
Makefile:126: recipe for target 'cmTC_377fd/fast' failed
make: *** [cmTC_377fd/fast] Error 2


